<?xml version="1.0" encoding="UTF-8"?>
<!-- Generated by org.testng.reporters.JUnitReportReporter -->
<testsuite hostname="LAPTOP-DOBLN3AU" failures="0" tests="4" name="testNGScripts.ParameterDemo" time="16.042" errors="0" timestamp="2022-04-15T12:26:17 IST" skipped="0">
  <testcase classname="testNGScripts.ParameterDemo" name="login" time="1.519"/>
  <system-out/>
  <testcase classname="testNGScripts.ParameterDemo" name="login" time="1.515"/>
  <system-out/>
  <testcase classname="testNGScripts.ParameterDemo" name="method2" time="6.839"/>
  <system-out/>
  <testcase classname="testNGScripts.ParameterDemo" name="method2" time="6.169"/>
  <system-out/>
</testsuite> <!-- testNGScripts.ParameterDemo -->
