<?xml version="1.0" encoding="UTF-8"?>
<!-- Generated by org.testng.reporters.JUnitReportReporter -->
<testsuite hostname="LAPTOP-DOBLN3AU" failures="0" tests="2" name="testNGScripts.CrossBrowserTest" time="11.835" errors="0" timestamp="2022-04-15T11:23:57 IST" skipped="0">
  <testcase classname="testNGScripts.CrossBrowserTest" name="method2" time="6.112"/>
  <system-out/>
  <testcase classname="testNGScripts.CrossBrowserTest" name="method2" time="5.723"/>
  <system-out/>
</testsuite> <!-- testNGScripts.CrossBrowserTest -->
