<?xml version="1.0" encoding="UTF-8"?>
<!-- Generated by org.testng.reporters.JUnitReportReporter -->
<testsuite hostname="LAPTOP-DOBLN3AU" failures="0" tests="1" name="testNGScripts.GridDemo" time="2.628" errors="0" timestamp="2022-04-15T12:20:42 IST" skipped="0">
  <testcase classname="testNGScripts.GridDemo" name="testmethod1" time="2.628"/>
  <system-out/>
</testsuite> <!-- testNGScripts.GridDemo -->
