<?xml version="1.0" encoding="UTF-8"?>
<!-- Generated by org.testng.reporters.JUnitReportReporter -->
<testsuite hostname="LAPTOP-DOBLN3AU" failures="0" tests="1" name="testNGScripts.TestAnnotation1" time="14.647" errors="0" timestamp="2022-04-14T12:46:09 IST" skipped="0">
  <testcase classname="testNGScripts.TestAnnotation1" name="testcase1" time="14.647"/>
  <system-out/>
</testsuite> <!-- testNGScripts.TestAnnotation1 -->
