<?xml version="1.0" encoding="UTF-8"?>
<!-- Generated by org.testng.reporters.JUnitReportReporter -->
<testsuite hostname="LAPTOP-DOBLN3AU" failures="0" tests="4" name="testNGScripts.TestAnnotations" time="0.028" errors="0" timestamp="2022-04-14T12:36:06 IST" skipped="0">
  <testcase classname="testNGScripts.TestAnnotations" name="login" time="0.012"/>
  <system-out/>
  <testcase classname="testNGScripts.TestAnnotations" name="ComposeEmail" time="0.002"/>
  <system-out/>
  <testcase classname="testNGScripts.TestAnnotations" name="SendEmail" time="0.002"/>
  <system-out/>
  <testcase classname="testNGScripts.TestAnnotations" name="logout" time="0.012"/>
  <system-out/>
</testsuite> <!-- testNGScripts.TestAnnotations -->
