<?xml version="1.0" encoding="UTF-8"?>
<!-- Generated by org.testng.reporters.JUnitReportReporter -->
<testsuite hostname="LAPTOP-DOBLN3AU" failures="0" tests="1" name="testNGScripts.LinktextLocatorDemo" time="15.101" errors="0" timestamp="2022-04-15T10:00:12 IST" skipped="0">
  <testcase classname="testNGScripts.LinktextLocatorDemo" name="linkTextDemo" time="15.101"/>
  <system-out/>
</testsuite> <!-- testNGScripts.LinktextLocatorDemo -->
