<?xml version="1.0" encoding="UTF-8"?>
<!-- Generated by org.testng.reporters.JUnitReportReporter -->
<testsuite hostname="LAPTOP-DOBLN3AU" failures="0" tests="3" name="testNGScripts.TestAnnotation2" time="8.666" errors="0" timestamp="2022-04-15T09:20:51 IST" skipped="0">
  <testcase classname="testNGScripts.TestAnnotation2" name="dropdown" time="2.253"/>
  <system-out/>
  <testcase classname="testNGScripts.TestAnnotation2" name="checkbox" time="3.813"/>
  <system-out/>
  <testcase classname="testNGScripts.TestAnnotation2" name="login" time="2.600"/>
  <system-out/>
</testsuite> <!-- testNGScripts.TestAnnotation2 -->
