<?xml version="1.0" encoding="UTF-8"?>
<!-- Generated by org.testng.reporters.JUnitReportReporter -->
<testsuite hostname="LAPTOP-DOBLN3AU" failures="0" tests="1" name="testNGScripts.LinktextLocatorDemo" time="19.018" errors="0" timestamp="15 Apr 2022 07:12:05 GMT" skipped="0">
  <testcase classname="testNGScripts.LinktextLocatorDemo" name="linkTextDemo" time="19.018"/>
</testsuite> <!-- testNGScripts.LinktextLocatorDemo -->
