<?xml version="1.0" encoding="UTF-8"?>
<!-- Generated by org.testng.reporters.JUnitReportReporter -->
<testsuite hostname="LAPTOP-DOBLN3AU" failures="0" tests="4" name="testNGScripts.TesNgGroupsDemo" time="0.001" errors="0" timestamp="15 Apr 2022 07:12:05 GMT" skipped="0">
  <testcase classname="testNGScripts.TesNgGroupsDemo" name="testcase5" time="0.001"/>
  <testcase classname="testNGScripts.TesNgGroupsDemo" name="testcase3" time="0.000"/>
  <testcase classname="testNGScripts.TesNgGroupsDemo" name="testcase6" time="0.000"/>
  <testcase classname="testNGScripts.TesNgGroupsDemo" name="testcase4" time="0.000"/>
</testsuite> <!-- testNGScripts.TesNgGroupsDemo -->
